2021-11-16 15:59:47,565:DEBUG: check_auth:	Valid Twitter API credentials: True
2021-11-16 15:59:48,568:DEBUG: search:	Query: [#OpenSeaNFT], URL: [https://api.twitter.com/1.1/search/tweets.json?q=%23OpenSeaNFT&result_type=recent&count=10]
2021-11-16 15:59:48,748:DEBUG: retweet:	Tweet_ID: [1460714228474646536], URL: [https://api.twitter.com/1.1/statuses/retweet/1460714228474646536.json]
2021-11-16 15:59:48,848:DEBUG: get_tweet:	Tweet_ID: [1460640085234311180], URL: [https://api.twitter.com/1.1/statuses/show.json?id=1460640085234311180]
2021-11-16 15:59:48,969:DEBUG: init_media:	Image Path: [..\stick_images\-1015816107781200782.png], Image Size: [44436], Media_ID: [1460714241128816643], URL: [https://upload.twitter.com/1.1/media/upload.json?command=INIT&total_bytes=44436&media_type=.png]
2021-11-16 15:59:49,153:DEBUG: append_media:	Image Path: [..\stick_images\-1015816107781200782.png], Media_ID: [1460714241128816643], URL: [https://upload.twitter.com/1.1/media/upload.json?command=APPEND&media_id=1460714241128816643&segment_index=0]
2021-11-16 15:59:49,563:DEBUG: finalize_media:	Media_ID: [1460714241128816643], Response Media_ID: [1460714241128816643], URL: [https://upload.twitter.com/1.1/media/upload.json?command=FINALIZE&media_id=1460714241128816643]
2021-11-16 15:59:49,563:DEBUG: upload_media:	Finalized image upload. Image Path: [..\stick_images\-1015816107781200782.png], Media_ID
2021-11-16 15:59:49,644:DEBUG: reply_to:	Media_ID: [1460714241128816643], Tweet_ID: [1460640085234311180], URL: [https://api.twitter.com/1.1/statuses/update.json?status=%40FadedNFT%0A%23CryptoStykz+%23NFT+army+has+over+1%2C000+unique+weapons%2Fskins%2C+adding+to+the+rarity+of+the+pool.%0D%0A%0D%0Aopensea.io%2Fcollection%2Fcryptostykz%0D%0A%0D%0AWatch+them+fight+in+the+Discord+server+and+bet+on+them+to+win+more+NFTs%21%0D%0A%0D%0Ahttps%3A%2F%2Fdiscord.gg%2FsH7Ze9faTv%5Cn%23cryptostykz+%23opensea+%23openseanft+%23polygonnft+%23nfts+%23nftart+%23nftdrop+%23nftcollectors+%23NFTTHAILAND&in_reply_to_status_id=1460640085234311180&media_ids=1460714241128816643]
2021-11-16 15:59:49,644:WARNING: spam_search:	Failed to reply to tweet. Already replied to this ID. Tweet ID: [1460640085234311180]
2021-11-16 16:05:08,977:DEBUG: check_auth:	Valid Twitter API credentials: True
2021-11-16 16:05:09,806:DEBUG: search:	Query: [#OpenSeaNFT], URL: [https://api.twitter.com/1.1/search/tweets.json?q=%23OpenSeaNFT&result_type=recent&count=10]
2021-11-16 16:05:09,990:DEBUG: retweet:	Tweet_ID: [1459537412338630664], URL: [https://api.twitter.com/1.1/statuses/retweet/1459537412338630664.json]
2021-11-16 16:05:10,082:DEBUG: init_media:	Image Path: [..\stick_images\7923041296560561990.png], Image Size: [197644], Media_ID: [1460715587940798471], URL: [https://upload.twitter.com/1.1/media/upload.json?command=INIT&total_bytes=197644&media_type=.png]
2021-11-16 16:05:10,222:DEBUG: append_media:	Image Path: [..\stick_images\7923041296560561990.png], Media_ID: [1460715587940798471], URL: [https://upload.twitter.com/1.1/media/upload.json?command=APPEND&media_id=1460715587940798471&segment_index=0]
2021-11-16 16:05:10,623:DEBUG: finalize_media:	Media_ID: [1460715587940798471], Response Media_ID: [1460715587940798471], URL: [https://upload.twitter.com/1.1/media/upload.json?command=FINALIZE&media_id=1460715587940798471]
2021-11-16 16:05:10,623:DEBUG: upload_media:	Finalized image upload. Image Path: [..\stick_images\7923041296560561990.png], Media_ID
2021-11-16 16:05:10,887:DEBUG: reply_to:	Media_ID: [1460715587940798471], Tweet_ID: [1460715467090407428], URL: [https://api.twitter.com/1.1/statuses/update.json?status=%40thisiscarlclub%0AI+can%27t+say+this+enough%3A+CryptoStykz+is+the+%2AONLY%2A+rare+%23NFT+in+this+whole+market.+The+stickfigures+come+from+world+famous+animations&in_reply_to_status_id=1460715467090407428&media_ids=1460715587940798471]
2021-11-16 16:05:10,887:INFO: spam_search:	Posted new reply: User: [@thisiscarlclub], Followers: [1,107], Tweet age: [0 days 00:00:29.820762]
2021-11-16 16:05:10,887:INFO: spam_search:		https://twitter.com/thisiscarlclub/status/1460715467090407428
2021-11-16 16:06:10,254:DEBUG: init_media:	Image Path: [..\stick_images\-4848433069140124201.png], Image Size: [130990], Media_ID: [1460715840265990155], URL: [https://upload.twitter.com/1.1/media/upload.json?command=INIT&total_bytes=130990&media_type=.png]
2021-11-16 16:06:10,463:DEBUG: append_media:	Image Path: [..\stick_images\-4848433069140124201.png], Media_ID: [1460715840265990155], URL: [https://upload.twitter.com/1.1/media/upload.json?command=APPEND&media_id=1460715840265990155&segment_index=0]
2021-11-16 16:06:10,880:DEBUG: finalize_media:	Media_ID: [1460715840265990155], Response Media_ID: [1460715840265990155], URL: [https://upload.twitter.com/1.1/media/upload.json?command=FINALIZE&media_id=1460715840265990155]
2021-11-16 16:06:10,880:DEBUG: upload_media:	Finalized image upload. Image Path: [..\stick_images\-4848433069140124201.png], Media_ID
2021-11-16 16:06:11,221:DEBUG: post_status:	Media_ID: [1460715840265990155], Tweet_ID: [1460715843394969610], URL: [https://api.twitter.com/1.1/statuses/update.json?status=I+had+a+dream+about+%23CryptoStykz+last+night.+I+was+getting+robbed+at+a+bank+when+this+guy+came+to+save+the+day%0D%0A%0D%0ACan+your+%23NFT+do+that%3F&media_ids=1460715840265990155]
2021-11-16 16:06:11,222:INFO: post_status:	Posted new status. Tweet_ID: [1460715843394969610]
2021-11-16 16:06:11,222:INFO: post_status:		https://twitter.com/Trace34007811/status/1460715843394969610
2021-11-16 16:35:11,291:DEBUG: search:	Query: [drop your #nft], URL: [https://api.twitter.com/1.1/search/tweets.json?q=drop+your+%23nft&result_type=recent&count=10]
2021-11-16 16:35:11,723:DEBUG: retweet:	Tweet_ID: [1460721869171179520], URL: [https://api.twitter.com/1.1/statuses/retweet/1460721869171179520.json]
2021-11-16 16:35:11,844:DEBUG: init_media:	Image Path: [..\stick_images\-2454182343977584532.png], Image Size: [134626], Media_ID: [1460723144973553667], URL: [https://upload.twitter.com/1.1/media/upload.json?command=INIT&total_bytes=134626&media_type=.png]
2021-11-16 16:35:11,995:DEBUG: append_media:	Image Path: [..\stick_images\-2454182343977584532.png], Media_ID: [1460723144973553667], URL: [https://upload.twitter.com/1.1/media/upload.json?command=APPEND&media_id=1460723144973553667&segment_index=0]
2021-11-16 16:35:12,594:DEBUG: finalize_media:	Media_ID: [1460723144973553667], Response Media_ID: [1460723144973553667], URL: [https://upload.twitter.com/1.1/media/upload.json?command=FINALIZE&media_id=1460723144973553667]
2021-11-16 16:35:12,594:DEBUG: upload_media:	Finalized image upload. Image Path: [..\stick_images\-2454182343977584532.png], Media_ID
2021-11-16 16:35:12,904:DEBUG: reply_to:	Media_ID: [1460723144973553667], Tweet_ID: [1460722933228212227], URL: [https://api.twitter.com/1.1/statuses/update.json?status=%40habitual_truant%0A%23CryptoStykz+%23Airdrop%21+Post+your+wallet+address+for+free+%23NFTs%21+%23nftgiveaway+%23nft+%23nftmarketplace+%23nfts&in_reply_to_status_id=1460722933228212227&media_ids=1460723144973553667]
2021-11-16 16:35:12,904:INFO: spam_search:	Posted new reply: User: [@habitual_truant], Followers: [1,876], Tweet age: [0 days 00:00:51.308638]
2021-11-16 16:35:12,906:INFO: spam_search:		https://twitter.com/habitual_truant/status/1460722933228212227
2021-11-16 16:36:11,442:DEBUG: init_media:	Image Path: [..\stick_images\-8685035872903769284.png], Image Size: [76981], Media_ID: [1460723395037958160], URL: [https://upload.twitter.com/1.1/media/upload.json?command=INIT&total_bytes=76981&media_type=.png]
2021-11-16 16:36:11,589:DEBUG: append_media:	Image Path: [..\stick_images\-8685035872903769284.png], Media_ID: [1460723395037958160], URL: [https://upload.twitter.com/1.1/media/upload.json?command=APPEND&media_id=1460723395037958160&segment_index=0]
2021-11-16 16:36:12,108:DEBUG: finalize_media:	Media_ID: [1460723395037958160], Response Media_ID: [1460723395037958160], URL: [https://upload.twitter.com/1.1/media/upload.json?command=FINALIZE&media_id=1460723395037958160]
2021-11-16 16:36:12,108:DEBUG: upload_media:	Finalized image upload. Image Path: [..\stick_images\-8685035872903769284.png], Media_ID
2021-11-16 16:36:12,378:WARNING: post_status:	Media_ID: [1460723395037958160], URL: [https://api.twitter.com/1.1/statuses/update.json?status=There%27s+no+other+way+to+say+it.+%23CryptoStykz+will+DOMINATE+the+%23NFT+world%21%0D%0AIt%27s+the+only+FREE+play+to+earn+%23NFT+on+the+market%2C+and+I+can+WIN+more+just+by+playing%0D%0A%0D%0Ahttps%3A%2F%2Fdiscord.gg%2FsH7Ze9faTv%0D%0A%0D%0AOnly+available+on+OpenSea.io%21%0D%0A%0D%0Aopensea.io%2Fcollection%2Fcryptostykz%0D%0A%0D%0A%23OpenSea+%23NFTCommunity+%23NFTCollector+%23NFTS+%23PlayToEarn+%23P2E&media_ids=1460723395037958160],  JSON:
{'errors': [{'code': 186, 'message': 'Tweet needs to be a bit shorter.'}]}
2021-11-16 16:36:12,378:WARNING: post_status:	Failed to post new status.
2021-11-16 17:05:13,256:DEBUG: search:	Query: [buy your #NFT], URL: [https://api.twitter.com/1.1/search/tweets.json?q=buy+your+%23NFT&result_type=recent&count=10]
2021-11-16 17:05:13,713:DEBUG: retweet:	Tweet_ID: [1460703566386061315], URL: [https://api.twitter.com/1.1/statuses/retweet/1460703566386061315.json]
2021-11-16 17:05:13,827:DEBUG: init_media:	Image Path: [..\stick_images\72316205672709970.png], Image Size: [133048], Media_ID: [1460730703151304710], URL: [https://upload.twitter.com/1.1/media/upload.json?command=INIT&total_bytes=133048&media_type=.png]
2021-11-16 17:05:14,418:DEBUG: append_media:	Image Path: [..\stick_images\72316205672709970.png], Media_ID: [1460730703151304710], URL: [https://upload.twitter.com/1.1/media/upload.json?command=APPEND&media_id=1460730703151304710&segment_index=0]
2021-11-16 17:05:14,909:DEBUG: finalize_media:	Media_ID: [1460730703151304710], Response Media_ID: [1460730703151304710], URL: [https://upload.twitter.com/1.1/media/upload.json?command=FINALIZE&media_id=1460730703151304710]
2021-11-16 17:05:14,910:DEBUG: upload_media:	Finalized image upload. Image Path: [..\stick_images\72316205672709970.png], Media_ID
2021-11-16 17:05:15,401:DEBUG: reply_to:	Media_ID: [1460730703151304710], Tweet_ID: [1460729618307203079], URL: [https://api.twitter.com/1.1/statuses/update.json?status=%40Able91642248%0A%23CryptoStykz+%23NFT+army+has+over+1%2C000+unique+weapons%2Fskins%2C+adding+to+the+rarity+of+the+pool.%0D%0Aopensea.io%2Fcollection%2Fcryptostykz%0D%0A%0D%0AGrab+some+CryptoStykz+before+they%27re+sold+out%21%0D%0A%23cryptostykz+%23opensea+%23openseanft+%23polygonnft+%23nfts+%23nftart+%23nftdrop+%23nftcollectors+%23nftcollector&in_reply_to_status_id=1460729618307203079&media_ids=1460730703151304710]
2021-11-16 17:05:15,401:INFO: spam_search:	Posted new reply: User: [@Able91642248], Followers: [218], Tweet age: [0 days 00:04:19.271385]
2021-11-16 17:05:15,401:INFO: spam_search:		https://twitter.com/Able91642248/status/1460729618307203079
2021-11-16 17:06:12,622:DEBUG: init_media:	Image Path: [..\stick_images\4085220116863885020.png], Image Size: [117756], Media_ID: [1460730949600256000], URL: [https://upload.twitter.com/1.1/media/upload.json?command=INIT&total_bytes=117756&media_type=.png]
2021-11-16 17:06:12,797:DEBUG: append_media:	Image Path: [..\stick_images\4085220116863885020.png], Media_ID: [1460730949600256000], URL: [https://upload.twitter.com/1.1/media/upload.json?command=APPEND&media_id=1460730949600256000&segment_index=0]
2021-11-16 17:06:13,216:DEBUG: finalize_media:	Media_ID: [1460730949600256000], Response Media_ID: [1460730949600256000], URL: [https://upload.twitter.com/1.1/media/upload.json?command=FINALIZE&media_id=1460730949600256000]
2021-11-16 17:06:13,217:DEBUG: upload_media:	Finalized image upload. Image Path: [..\stick_images\4085220116863885020.png], Media_ID
2021-11-16 17:06:13,371:WARNING: post_status:	Media_ID: [1460730949600256000], URL: [https://api.twitter.com/1.1/statuses/update.json?status=What+%23NFT+has+completely+random+and+unique+weapons%2C+stick+figures%2C+backgrounds%2C+and+more%3F%0D%0A%23CryptoStykz+does%2C+and+you+can+even+gamble+on+fights+in+a+Discord+server+to+win+%23FreeNFTs%21%21%0D%0A%0D%0AThere+are+no+other+FREE+play+to+earn+%23NFTs+out+there%2C+not+like+%23CryptoStykz%21%0D%0A%0D%0Ahttps%3A%2F%2Fdiscord.gg%2FsH7Ze9faTv%0D%0A%0D%0AAvailable+on+OpenSea%21%0D%0Aopensea.io%2Fcollection%2Fcryptostykz%0D%0A%0D%0A%23NFTs+%23OpenSea+%23Polygon+%23NFTCommunity+%23NFTCollector+%23Crypto+%23PlayToEarn&media_ids=1460730949600256000],  JSON:
{'errors': [{'code': 186, 'message': 'Tweet needs to be a bit shorter.'}]}
2021-11-16 17:06:13,372:WARNING: post_status:	Failed to post new status.
2021-11-16 17:35:16,081:DEBUG: search:	Query: [#NFTCollector], URL: [https://api.twitter.com/1.1/search/tweets.json?q=%23NFTCollector&result_type=recent&count=10]
2021-11-16 17:35:16,475:DEBUG: retweet:	Tweet_ID: [1460723553272279047], URL: [https://api.twitter.com/1.1/statuses/retweet/1460723553272279047.json]
2021-11-16 17:35:16,881:DEBUG: init_media:	Image Path: [..\stick_images\-4690596030742418731.png], Image Size: [187073], Media_ID: [1460738265464594434], URL: [https://upload.twitter.com/1.1/media/upload.json?command=INIT&total_bytes=187073&media_type=.png]
2021-11-16 17:35:17,051:DEBUG: append_media:	Image Path: [..\stick_images\-4690596030742418731.png], Media_ID: [1460738265464594434], URL: [https://upload.twitter.com/1.1/media/upload.json?command=APPEND&media_id=1460738265464594434&segment_index=0]
2021-11-16 17:35:17,479:DEBUG: finalize_media:	Media_ID: [1460738265464594434], Response Media_ID: [1460738265464594434], URL: [https://upload.twitter.com/1.1/media/upload.json?command=FINALIZE&media_id=1460738265464594434]
2021-11-16 17:35:17,479:DEBUG: upload_media:	Finalized image upload. Image Path: [..\stick_images\-4690596030742418731.png], Media_ID
2021-11-16 17:35:17,787:DEBUG: reply_to:	Media_ID: [1460738265464594434], Tweet_ID: [1460738231058665481], URL: [https://api.twitter.com/1.1/statuses/update.json?status=%40H67Aldrin%0A%23CryptoStykz+BATTLE%2FBETTING+DISCORD+SERVER+HAS+LAUNCHED%21%21%21++https%3A%2F%2Fdiscord.gg%2FsH7Ze9faTv%0D%0A%0D%0AJoin+me+and+play%21%21%21%0D%0A%0D%0A%23NFT+%23NFTs+%23NFTThailand+%23NFTGiveaway+%23nftart+%23nftdrop&in_reply_to_status_id=1460738231058665481&media_ids=1460738265464594434]
2021-11-16 17:35:17,788:INFO: spam_search:	Posted new reply: User: [@H67Aldrin], Followers: [1,991], Tweet age: [0 days 00:00:08.090923]
2021-11-16 17:35:17,788:INFO: spam_search:		https://twitter.com/H67Aldrin/status/1460738231058665481
2021-11-16 17:36:13,619:DEBUG: init_media:	Image Path: [..\stick_images\-5164662738029646280.png], Image Size: [56857], Media_ID: [1460738503613071361], URL: [https://upload.twitter.com/1.1/media/upload.json?command=INIT&total_bytes=56857&media_type=.png]
2021-11-16 17:36:13,757:DEBUG: append_media:	Image Path: [..\stick_images\-5164662738029646280.png], Media_ID: [1460738503613071361], URL: [https://upload.twitter.com/1.1/media/upload.json?command=APPEND&media_id=1460738503613071361&segment_index=0]
2021-11-16 17:36:14,122:DEBUG: finalize_media:	Media_ID: [1460738503613071361], Response Media_ID: [1460738503613071361], URL: [https://upload.twitter.com/1.1/media/upload.json?command=FINALIZE&media_id=1460738503613071361]
2021-11-16 17:36:14,122:DEBUG: upload_media:	Finalized image upload. Image Path: [..\stick_images\-5164662738029646280.png], Media_ID
2021-11-16 17:36:14,475:DEBUG: post_status:	Media_ID: [1460738503613071361], Tweet_ID: [1460738506389700611], URL: [https://api.twitter.com/1.1/statuses/update.json?status=I%27ve+called+big+winners+before%2C+so+listen+to+me+on+this+one.%0D%0A%0D%0A%23CRYPTOSTYKZ+IS+GOING+TO+BE+HUGE%0D%0A%0D%0AThere%27s+a+FREE+TO+PLAY+Discord+server+where+you+can+gamble+points+to+win+more+FREE+NFTs%21%0D%0A%0D%0A%23NFTWatch+%23NFTcollector+%23ToTheMoon+%23Crypto+%23Gainz&media_ids=1460738503613071361]
2021-11-16 17:36:14,475:INFO: post_status:	Posted new status. Tweet_ID: [1460738506389700611]
2021-11-16 17:36:14,475:INFO: post_status:		https://twitter.com/Trace34007811/status/1460738506389700611
2021-11-16 18:05:18,168:DEBUG: search:	Query: [I want #NFT], URL: [https://api.twitter.com/1.1/search/tweets.json?q=I+want+%23NFT&result_type=recent&count=10]
2021-11-16 18:05:18,553:DEBUG: retweet:	Tweet_ID: [1460552257985040384], URL: [https://api.twitter.com/1.1/statuses/retweet/1460552257985040384.json]
2021-11-16 18:05:18,964:DEBUG: search:	Query: [I want your nft], URL: [https://api.twitter.com/1.1/search/tweets.json?q=I+want+your+nft&result_type=recent&count=10]
2021-11-16 18:05:19,665:DEBUG: retweet:	Tweet_ID: [1460692385709445123], URL: [https://api.twitter.com/1.1/statuses/retweet/1460692385709445123.json]
2021-11-16 18:05:19,913:DEBUG: search:	Query: [#OpenSeaNFT], URL: [https://api.twitter.com/1.1/search/tweets.json?q=%23OpenSeaNFT&result_type=recent&count=10]
2021-11-16 18:05:20,343:DEBUG: retweet:	Tweet_ID: [1460716349492187136], URL: [https://api.twitter.com/1.1/statuses/retweet/1460716349492187136.json]
2021-11-16 18:05:20,489:DEBUG: get_tweet:	Tweet_ID: [1460564608767467520], URL: [https://api.twitter.com/1.1/statuses/show.json?id=1460564608767467520]
2021-11-16 18:05:20,688:DEBUG: init_media:	Image Path: [..\stick_images\6440032960193665480.png], Image Size: [152870], Media_ID: [1460745831372500992], URL: [https://upload.twitter.com/1.1/media/upload.json?command=INIT&total_bytes=152870&media_type=.png]
2021-11-16 18:05:21,870:DEBUG: append_media:	Image Path: [..\stick_images\6440032960193665480.png], Media_ID: [1460745831372500992], URL: [https://upload.twitter.com/1.1/media/upload.json?command=APPEND&media_id=1460745831372500992&segment_index=0]
2021-11-16 18:05:22,383:DEBUG: finalize_media:	Media_ID: [1460745831372500992], Response Media_ID: [1460745831372500992], URL: [https://upload.twitter.com/1.1/media/upload.json?command=FINALIZE&media_id=1460745831372500992]
2021-11-16 18:05:22,383:DEBUG: upload_media:	Finalized image upload. Image Path: [..\stick_images\6440032960193665480.png], Media_ID
2021-11-16 18:05:22,678:DEBUG: reply_to:	Media_ID: [1460745831372500992], Tweet_ID: [1460564608767467520], URL: [https://api.twitter.com/1.1/statuses/update.json?status=%40DropYourNFT%0AHave+you+seen+%23CryptoStykz+%23NFTs%3F%0D%0A%0D%0AIt%27s+a+collection+of+unique+stickfigures+that+fight+in+an+arena+in+the+CryptoStykz+Discord%21%0D%0AYou+can+gamble+points+to+earn+free+%23NFTs+%21%21%21%0D%0A%0D%0Ahttps%3A%2F%2Fdiscord.gg%2FsH7Ze9faTv%0D%0Aopensea.io%2Fcollection%2Fcryptostykz%0D%0A%0D%0A%23NFTs+%23CryptoStykz+%23opensea+%23PlayToEarn&in_reply_to_status_id=1460564608767467520&media_ids=1460745831372500992]
2021-11-16 18:05:22,678:INFO: spam_search:	Posted new reply: User: [@DropYourNFT], Followers: [100,238], Tweet age: [12:00:07.489201]
2021-11-16 18:05:22,678:INFO: spam_search:		https://twitter.com/DropYourNFT/status/1460564608767467520
2021-11-16 18:06:14,765:DEBUG: init_media:	Image Path: [..\stick_images\4462795715846477697.png], Image Size: [191991], Media_ID: [1460746058187816967], URL: [https://upload.twitter.com/1.1/media/upload.json?command=INIT&total_bytes=191991&media_type=.png]
2021-11-16 18:06:14,966:DEBUG: append_media:	Image Path: [..\stick_images\4462795715846477697.png], Media_ID: [1460746058187816967], URL: [https://upload.twitter.com/1.1/media/upload.json?command=APPEND&media_id=1460746058187816967&segment_index=0]
2021-11-16 18:06:15,370:DEBUG: finalize_media:	Media_ID: [1460746058187816967], Response Media_ID: [1460746058187816967], URL: [https://upload.twitter.com/1.1/media/upload.json?command=FINALIZE&media_id=1460746058187816967]
2021-11-16 18:06:15,370:DEBUG: upload_media:	Finalized image upload. Image Path: [..\stick_images\4462795715846477697.png], Media_ID
2021-11-16 18:06:15,489:WARNING: post_status:	Media_ID: [1460746058187816967], URL: [https://api.twitter.com/1.1/statuses/update.json?status=There%27s+no+other+way+to+say+it.+%23CryptoStykz+will+DOMINATE+the+%23NFT+world%21%0D%0AIt%27s+the+only+FREE+play+to+earn+%23NFT+on+the+market%2C+and+I+can+WIN+more+just+by+playing%0D%0A%0D%0Ahttps%3A%2F%2Fdiscord.gg%2FsH7Ze9faTv%0D%0A%0D%0AOnly+available+on+OpenSea.io%21%0D%0A%0D%0Aopensea.io%2Fcollection%2Fcryptostykz%0D%0A%0D%0A%23OpenSea+%23NFTCommunity+%23NFTCollector+%23NFTS+%23PlayToEarn+%23P2E&media_ids=1460746058187816967],  JSON:
{'errors': [{'code': 186, 'message': 'Tweet needs to be a bit shorter.'}]}
2021-11-16 18:06:15,490:WARNING: post_status:	Failed to post new status.
2021-11-16 18:35:23,297:DEBUG: search:	Query: [drop your #nft], URL: [https://api.twitter.com/1.1/search/tweets.json?q=drop+your+%23nft&result_type=recent&count=10]
2021-11-16 18:35:23,742:DEBUG: retweet:	Tweet_ID: [1459954027387523073], URL: [https://api.twitter.com/1.1/statuses/retweet/1459954027387523073.json]
2021-11-16 18:35:24,001:DEBUG: search:	Query: [buy your #NFT], URL: [https://api.twitter.com/1.1/search/tweets.json?q=buy+your+%23NFT&result_type=recent&count=10]
2021-11-16 18:35:24,155:DEBUG: retweet:	Tweet_ID: [1460751032523264000], URL: [https://api.twitter.com/1.1/statuses/retweet/1460751032523264000.json]
2021-11-16 18:35:24,621:DEBUG: search:	Query: [#NFTCollector], URL: [https://api.twitter.com/1.1/search/tweets.json?q=%23NFTCollector&result_type=recent&count=10]
2021-11-16 18:35:24,804:DEBUG: retweet:	Tweet_ID: [1460662357198131201], URL: [https://api.twitter.com/1.1/statuses/retweet/1460662357198131201.json]
2021-11-16 18:35:24,916:DEBUG: init_media:	Image Path: [..\stick_images\3557653202856746481.png], Image Size: [90991], Media_ID: [1460753398903586823], URL: [https://upload.twitter.com/1.1/media/upload.json?command=INIT&total_bytes=90991&media_type=.png]
2021-11-16 18:35:25,083:DEBUG: append_media:	Image Path: [..\stick_images\3557653202856746481.png], Media_ID: [1460753398903586823], URL: [https://upload.twitter.com/1.1/media/upload.json?command=APPEND&media_id=1460753398903586823&segment_index=0]
2021-11-16 18:35:25,603:DEBUG: finalize_media:	Media_ID: [1460753398903586823], Response Media_ID: [1460753398903586823], URL: [https://upload.twitter.com/1.1/media/upload.json?command=FINALIZE&media_id=1460753398903586823]
2021-11-16 18:35:25,603:DEBUG: upload_media:	Finalized image upload. Image Path: [..\stick_images\3557653202856746481.png], Media_ID
2021-11-16 18:35:26,119:DEBUG: reply_to:	Media_ID: [1460753398903586823], Tweet_ID: [1460753376317214724], URL: [https://api.twitter.com/1.1/statuses/update.json?status=%40NFTHoncho%0A%23CryptoStykz+%23NFT+army+has+over+1%2C000+unique+weapons%2Fskins%2C+adding+to+the+rarity+of+the+pool.%0D%0Aopensea.io%2Fcollection%2Fcryptostykz%0D%0A%0D%0AGrab+some+CryptoStykz+before+they%27re+sold+out%21%0D%0A%23cryptostykz+%23opensea+%23openseanft+%23polygonnft+%23nfts+%23nftart+%23nftdrop+%23nftcollectors+%23nftcollector&in_reply_to_status_id=1460753376317214724&media_ids=1460753398903586823]
2021-11-16 18:35:26,120:INFO: spam_search:	Posted new reply: User: [@NFTHoncho], Followers: [793], Tweet age: [0 days 00:00:05.624580]
2021-11-16 18:35:26,120:INFO: spam_search:		https://twitter.com/NFTHoncho/status/1460753376317214724
2021-11-16 18:36:15,723:DEBUG: init_media:	Image Path: [..\stick_images\-2295647847063221279.png], Image Size: [117078], Media_ID: [1460753611915468802], URL: [https://upload.twitter.com/1.1/media/upload.json?command=INIT&total_bytes=117078&media_type=.png]
2021-11-16 18:36:15,842:DEBUG: append_media:	Image Path: [..\stick_images\-2295647847063221279.png], Media_ID: [1460753611915468802], URL: [https://upload.twitter.com/1.1/media/upload.json?command=APPEND&media_id=1460753611915468802&segment_index=0]
2021-11-16 18:36:16,258:DEBUG: finalize_media:	Media_ID: [1460753611915468802], Response Media_ID: [1460753611915468802], URL: [https://upload.twitter.com/1.1/media/upload.json?command=FINALIZE&media_id=1460753611915468802]
2021-11-16 18:36:16,258:DEBUG: upload_media:	Finalized image upload. Image Path: [..\stick_images\-2295647847063221279.png], Media_ID
2021-11-16 18:36:16,575:DEBUG: post_status:	Media_ID: [1460753611915468802], Tweet_ID: [1460753614809575424], URL: [https://api.twitter.com/1.1/statuses/update.json?status=What%27s+your+favorite+%23NFT%3F+Mine+is+%23CryptoStykz%0D%0Aopensea.io%2Fcollection%2Fcryptostykz%0D%0A%0D%0A%23NFTCommunity+%23NFTMaster+%23OpenSea+%23NFTMarket&media_ids=1460753611915468802]
2021-11-16 18:36:16,575:INFO: post_status:	Posted new status. Tweet_ID: [1460753614809575424]
2021-11-16 18:36:16,575:INFO: post_status:		https://twitter.com/Trace34007811/status/1460753614809575424
2021-11-16 19:05:26,920:DEBUG: search:	Query: [I want #NFT], URL: [https://api.twitter.com/1.1/search/tweets.json?q=I+want+%23NFT&result_type=recent&count=10]
2021-11-16 19:05:27,034:DEBUG: retweet:	Tweet_ID: [1460552257985040384], URL: [https://api.twitter.com/1.1/statuses/retweet/1460552257985040384.json]
2021-11-16 19:05:27,171:DEBUG: search:	Query: [I want your nft], URL: [https://api.twitter.com/1.1/search/tweets.json?q=I+want+your+nft&result_type=recent&count=10]
2021-11-16 19:05:27,552:DEBUG: retweet:	Tweet_ID: [1460506098864214020], URL: [https://api.twitter.com/1.1/statuses/retweet/1460506098864214020.json]
2021-11-16 19:05:28,002:DEBUG: search:	Query: [#OpenSeaNFT], URL: [https://api.twitter.com/1.1/search/tweets.json?q=%23OpenSeaNFT&result_type=recent&count=10]
2021-11-16 19:05:28,417:DEBUG: retweet:	Tweet_ID: [1460668395116896257], URL: [https://api.twitter.com/1.1/statuses/retweet/1460668395116896257.json]
2021-11-16 19:05:28,614:DEBUG: init_media:	Image Path: [..\stick_images\-2145018958658542889.png], Image Size: [145274], Media_ID: [1460760964127670279], URL: [https://upload.twitter.com/1.1/media/upload.json?command=INIT&total_bytes=145274&media_type=.png]
2021-11-16 19:05:28,736:DEBUG: append_media:	Image Path: [..\stick_images\-2145018958658542889.png], Media_ID: [1460760964127670279], URL: [https://upload.twitter.com/1.1/media/upload.json?command=APPEND&media_id=1460760964127670279&segment_index=0]
2021-11-16 19:05:29,179:DEBUG: finalize_media:	Media_ID: [1460760964127670279], Response Media_ID: [1460760964127670279], URL: [https://upload.twitter.com/1.1/media/upload.json?command=FINALIZE&media_id=1460760964127670279]
2021-11-16 19:05:29,179:DEBUG: upload_media:	Finalized image upload. Image Path: [..\stick_images\-2145018958658542889.png], Media_ID
2021-11-16 19:05:29,439:DEBUG: reply_to:	Media_ID: [1460760964127670279], Tweet_ID: [1460760834058207239], URL: [https://api.twitter.com/1.1/statuses/update.json?status=%40PokePxls%0A%23CryptoStykz+BATTLE%2FBETTING+DISCORD+SERVER+https%3A%2F%2Fdiscord.gg%2F24Bv2RFAmR+%23NFT+%23NFTs+%23NFTThailand+%23NFTGiveaway+%23nftart+%23nftdrop&in_reply_to_status_id=1460760834058207239&media_ids=1460760964127670279]
2021-11-16 19:05:29,439:INFO: spam_search:	Posted new reply: User: [@PokePxls], Followers: [221], Tweet age: [0 days 00:00:31.003639]
2021-11-16 19:05:29,440:INFO: spam_search:		https://twitter.com/PokePxls/status/1460760834058207239
2021-11-16 19:06:16,825:DEBUG: init_media:	Image Path: [..\stick_images\2593280571065361615.png], Image Size: [76354], Media_ID: [1460761166368718852], URL: [https://upload.twitter.com/1.1/media/upload.json?command=INIT&total_bytes=76354&media_type=.png]
2021-11-16 19:06:16,933:DEBUG: append_media:	Image Path: [..\stick_images\2593280571065361615.png], Media_ID: [1460761166368718852], URL: [https://upload.twitter.com/1.1/media/upload.json?command=APPEND&media_id=1460761166368718852&segment_index=0]
2021-11-16 19:06:17,309:DEBUG: finalize_media:	Media_ID: [1460761166368718852], Response Media_ID: [1460761166368718852], URL: [https://upload.twitter.com/1.1/media/upload.json?command=FINALIZE&media_id=1460761166368718852]
2021-11-16 19:06:17,309:DEBUG: upload_media:	Finalized image upload. Image Path: [..\stick_images\2593280571065361615.png], Media_ID
2021-11-16 19:06:17,846:DEBUG: post_status:	Media_ID: [1460761166368718852], Tweet_ID: [1460761169879306240], URL: [https://api.twitter.com/1.1/statuses/update.json?status=If+you+dare+think+there%27s+a+better+%23NFT+than+%23CryptoStykz%2C+I+want+you+to+prove+it%0D%0A%23DropYourNFT+%23OpenSea+%23NFTCommunity+%23Cryptocurrency+%23NFTAddict&media_ids=1460761166368718852]
2021-11-16 19:06:17,846:INFO: post_status:	Posted new status. Tweet_ID: [1460761169879306240]
2021-11-16 19:06:17,846:INFO: post_status:		https://twitter.com/Trace34007811/status/1460761169879306240
2021-11-16 19:35:29,805:DEBUG: search:	Query: [drop your #nft], URL: [https://api.twitter.com/1.1/search/tweets.json?q=drop+your+%23nft&result_type=recent&count=10]
2021-11-16 19:35:29,905:DEBUG: retweet:	Tweet_ID: [1460518739955400707], URL: [https://api.twitter.com/1.1/statuses/retweet/1460518739955400707.json]
2021-11-16 19:35:30,078:DEBUG: search:	Query: [buy your #NFT], URL: [https://api.twitter.com/1.1/search/tweets.json?q=buy+your+%23NFT&result_type=recent&count=10]
2021-11-16 19:35:30,288:DEBUG: retweet:	Tweet_ID: [1460748992371904516], URL: [https://api.twitter.com/1.1/statuses/retweet/1460748992371904516.json]
2021-11-16 19:35:30,611:DEBUG: init_media:	Image Path: [..\stick_images\-6174124194907617765.png], Image Size: [164816], Media_ID: [1460768522292846604], URL: [https://upload.twitter.com/1.1/media/upload.json?command=INIT&total_bytes=164816&media_type=.png]
2021-11-16 19:35:30,838:DEBUG: append_media:	Image Path: [..\stick_images\-6174124194907617765.png], Media_ID: [1460768522292846604], URL: [https://upload.twitter.com/1.1/media/upload.json?command=APPEND&media_id=1460768522292846604&segment_index=0]
2021-11-16 19:35:31,221:DEBUG: finalize_media:	Media_ID: [1460768522292846604], Response Media_ID: [1460768522292846604], URL: [https://upload.twitter.com/1.1/media/upload.json?command=FINALIZE&media_id=1460768522292846604]
2021-11-16 19:35:31,221:DEBUG: upload_media:	Finalized image upload. Image Path: [..\stick_images\-6174124194907617765.png], Media_ID
2021-11-16 19:35:31,521:DEBUG: reply_to:	Media_ID: [1460768522292846604], Tweet_ID: [1460767390157922307], URL: [https://api.twitter.com/1.1/statuses/update.json?status=%40Getinthegoal1%0ACrytpoStykz+is+THE+hidden+gem+of+all+NFTs.+My+stickfigure+warrior+NFTs+come+from+world+famous+pivot%2Fflash+animation+forums+from+the+mid+2000s.+There+is+a+play+to+earn+fighting+game+as+well%3A++https%3A%2F%2Fdiscord.gg%2FsH7Ze9faTv&in_reply_to_status_id=1460767390157922307&media_ids=1460768522292846604]
2021-11-16 19:35:31,522:INFO: spam_search:	Posted new reply: User: [@Getinthegoal1], Followers: [482], Tweet age: [0 days 00:04:30.091380]
2021-11-16 19:35:31,522:INFO: spam_search:		https://twitter.com/Getinthegoal1/status/1460767390157922307
2021-11-16 19:36:18,048:DEBUG: init_media:	Image Path: [..\stick_images\-3703421887993322398.png], Image Size: [105734], Media_ID: [1460768721249746944], URL: [https://upload.twitter.com/1.1/media/upload.json?command=INIT&total_bytes=105734&media_type=.png]
2021-11-16 19:36:18,270:DEBUG: append_media:	Image Path: [..\stick_images\-3703421887993322398.png], Media_ID: [1460768721249746944], URL: [https://upload.twitter.com/1.1/media/upload.json?command=APPEND&media_id=1460768721249746944&segment_index=0]
2021-11-16 19:36:18,692:DEBUG: finalize_media:	Media_ID: [1460768721249746944], Response Media_ID: [1460768721249746944], URL: [https://upload.twitter.com/1.1/media/upload.json?command=FINALIZE&media_id=1460768721249746944]
2021-11-16 19:36:18,692:DEBUG: upload_media:	Finalized image upload. Image Path: [..\stick_images\-3703421887993322398.png], Media_ID
2021-11-16 19:36:18,948:DEBUG: post_status:	Media_ID: [1460768721249746944], Tweet_ID: [1460768724307398657], URL: [https://api.twitter.com/1.1/statuses/update.json?status=Come+play+me+in+the+%23CryptoStykz+Casino+to+win+%23FreeNFTs%21%0D%0Ahttps%3A%2F%2Fdiscord.gg%2FsH7Ze9faTv%0D%0A%0D%0A%23OpenSea+%23NFTS+%23NFTCommunity+%23NFTCollector+%23NFTThailand+%23GamblingAddict+%23Casino&media_ids=1460768721249746944]
2021-11-16 19:36:18,948:INFO: post_status:	Posted new status. Tweet_ID: [1460768724307398657]
2021-11-16 19:36:18,948:INFO: post_status:		https://twitter.com/Trace34007811/status/1460768724307398657
2021-11-16 20:05:31,867:DEBUG: search:	Query: [#NFTCollector], URL: [https://api.twitter.com/1.1/search/tweets.json?q=%23NFTCollector&result_type=recent&count=10]
2021-11-16 20:05:32,298:DEBUG: retweet:	Tweet_ID: [1460756203995164675], URL: [https://api.twitter.com/1.1/statuses/retweet/1460756203995164675.json]
2021-11-16 20:05:32,383:DEBUG: init_media:	Image Path: [..\stick_images\1781088965561199576.png], Image Size: [163570], Media_ID: [1460776079480741891], URL: [https://upload.twitter.com/1.1/media/upload.json?command=INIT&total_bytes=163570&media_type=.png]
2021-11-16 20:05:32,565:DEBUG: append_media:	Image Path: [..\stick_images\1781088965561199576.png], Media_ID: [1460776079480741891], URL: [https://upload.twitter.com/1.1/media/upload.json?command=APPEND&media_id=1460776079480741891&segment_index=0]
2021-11-16 20:05:33,275:DEBUG: finalize_media:	Media_ID: [1460776079480741891], Response Media_ID: [1460776079480741891], URL: [https://upload.twitter.com/1.1/media/upload.json?command=FINALIZE&media_id=1460776079480741891]
2021-11-16 20:05:33,275:DEBUG: upload_media:	Finalized image upload. Image Path: [..\stick_images\1781088965561199576.png], Media_ID
2021-11-16 20:05:33,603:DEBUG: reply_to:	Media_ID: [1460776079480741891], Tweet_ID: [1460775173708300288], URL: [https://api.twitter.com/1.1/statuses/update.json?status=%40alexandr_rext%0A%23cryptostykz+the+only+%23NFT+that+is+truly+RARE%21%0D%0A%0D%0AThousands+of+possible+weapons%2C+stickfigure%2C+hat%2C+face+and+miscellaneous+combos.%0D%0A%0D%0AGrab+one+on+%23OpenSea%0D%0A%0D%0A%23cryptostykz+%23opensea+%23openseanft+%23polygonnft+%23nfts+%23nftart+%23nftdrop+%23nftcollectors+%23NFTTHAILAND&in_reply_to_status_id=1460775173708300288&media_ids=1460776079480741891]
2021-11-16 20:05:33,603:INFO: spam_search:	Posted new reply: User: [@alexandr_rext], Followers: [2,375], Tweet age: [0 days 00:03:36.885578]
2021-11-16 20:05:33,603:INFO: spam_search:		https://twitter.com/alexandr_rext/status/1460775173708300288
2021-11-16 20:06:19,220:DEBUG: init_media:	Image Path: [..\stick_images\-2514344890517894639.png], Image Size: [123300], Media_ID: [1460776275740659716], URL: [https://upload.twitter.com/1.1/media/upload.json?command=INIT&total_bytes=123300&media_type=.png]
2021-11-16 20:06:20,018:DEBUG: append_media:	Image Path: [..\stick_images\-2514344890517894639.png], Media_ID: [1460776275740659716], URL: [https://upload.twitter.com/1.1/media/upload.json?command=APPEND&media_id=1460776275740659716&segment_index=0]
2021-11-16 20:06:20,542:DEBUG: finalize_media:	Media_ID: [1460776275740659716], Response Media_ID: [1460776275740659716], URL: [https://upload.twitter.com/1.1/media/upload.json?command=FINALIZE&media_id=1460776275740659716]
2021-11-16 20:06:20,542:DEBUG: upload_media:	Finalized image upload. Image Path: [..\stick_images\-2514344890517894639.png], Media_ID
2021-11-16 20:06:20,757:WARNING: post_status:	Media_ID: [1460776275740659716], URL: [https://api.twitter.com/1.1/statuses/update.json?status=There%27s+no+other+way+to+say+it.+%23CryptoStykz+will+DOMINATE+the+%23NFT+world%21%0D%0AIt%27s+the+only+FREE+play+to+earn+%23NFT+on+the+market%2C+and+I+can+WIN+more+just+by+playing%0D%0A%0D%0Ahttps%3A%2F%2Fdiscord.gg%2FsH7Ze9faTv%0D%0A%0D%0AOnly+available+on+OpenSea.io%21%0D%0A%0D%0Aopensea.io%2Fcollection%2Fcryptostykz%0D%0A%0D%0A%23OpenSea+%23NFTCommunity+%23NFTCollector+%23NFTS+%23PlayToEarn+%23P2E&media_ids=1460776275740659716],  JSON:
{'errors': [{'code': 186, 'message': 'Tweet needs to be a bit shorter.'}]}
2021-11-16 20:06:20,758:WARNING: post_status:	Failed to post new status.
2021-11-16 20:35:33,979:DEBUG: search:	Query: [I want #NFT], URL: [https://api.twitter.com/1.1/search/tweets.json?q=I+want+%23NFT&result_type=recent&count=10]
2021-11-16 20:35:34,090:DEBUG: retweet:	Tweet_ID: [1460552257985040384], URL: [https://api.twitter.com/1.1/statuses/retweet/1460552257985040384.json]
2021-11-16 20:35:34,304:DEBUG: search:	Query: [I want your nft], URL: [https://api.twitter.com/1.1/search/tweets.json?q=I+want+your+nft&result_type=recent&count=10]
2021-11-16 20:35:34,695:DEBUG: retweet:	Tweet_ID: [1460637079961018371], URL: [https://api.twitter.com/1.1/statuses/retweet/1460637079961018371.json]
2021-11-16 20:35:34,787:DEBUG: init_media:	Image Path: [..\stick_images\-3806470595633269849.png], Image Size: [135936], Media_ID: [1460783639311093764], URL: [https://upload.twitter.com/1.1/media/upload.json?command=INIT&total_bytes=135936&media_type=.png]
2021-11-16 20:35:34,918:DEBUG: append_media:	Image Path: [..\stick_images\-3806470595633269849.png], Media_ID: [1460783639311093764], URL: [https://upload.twitter.com/1.1/media/upload.json?command=APPEND&media_id=1460783639311093764&segment_index=0]
2021-11-16 20:35:35,323:DEBUG: finalize_media:	Media_ID: [1460783639311093764], Response Media_ID: [1460783639311093764], URL: [https://upload.twitter.com/1.1/media/upload.json?command=FINALIZE&media_id=1460783639311093764]
2021-11-16 20:35:35,323:DEBUG: upload_media:	Finalized image upload. Image Path: [..\stick_images\-3806470595633269849.png], Media_ID
2021-11-16 20:35:35,429:DEBUG: reply_to:	Media_ID: [1460783639311093764], Tweet_ID: [1460783244736143361], URL: [https://api.twitter.com/1.1/statuses/update.json?status=%40Maddy854339781%0ACheck+out+CryptoStykz+on+%23OpenSea.+An+army+of+unique+stickfigures+with+custom+weapons%2C+skins%2C+backgrounds%2C+and+more%21%0D%0A%0D%0Aopensea.io%2Fcollection%2Fcryptostykz%0D%0A%0D%0Ahttps%3A%2F%2Fdiscord.gg%2FsH7Ze9faTv%0D%0A%0D%0A%23cryptostykz+%23opensea+%23openseanft+%23polygonnft+%23nfts+%23nftart+%23nftdrop+%23nftcollectors+%23nftcollector&in_reply_to_status_id=1460783244736143361&media_ids=1460783639311093764]
2021-11-16 20:35:35,429:WARNING: spam_search:	Failed to reply to tweet. Already replied to this ID. Tweet ID: [1460783244736143361]
2021-11-16 20:36:21,027:DEBUG: init_media:	Image Path: [..\stick_images\-6186091721863625923.png], Image Size: [277699], Media_ID: [1460783833209622531], URL: [https://upload.twitter.com/1.1/media/upload.json?command=INIT&total_bytes=277699&media_type=.png]
2021-11-16 20:36:21,221:DEBUG: append_media:	Image Path: [..\stick_images\-6186091721863625923.png], Media_ID: [1460783833209622531], URL: [https://upload.twitter.com/1.1/media/upload.json?command=APPEND&media_id=1460783833209622531&segment_index=0]
2021-11-16 20:36:21,627:DEBUG: finalize_media:	Media_ID: [1460783833209622531], Response Media_ID: [1460783833209622531], URL: [https://upload.twitter.com/1.1/media/upload.json?command=FINALIZE&media_id=1460783833209622531]
2021-11-16 20:36:21,627:DEBUG: upload_media:	Finalized image upload. Image Path: [..\stick_images\-6186091721863625923.png], Media_ID
2021-11-16 20:36:21,888:DEBUG: post_status:	Media_ID: [1460783833209622531], Tweet_ID: [1460783836187566081], URL: [https://api.twitter.com/1.1/statuses/update.json?status=Who%27s+out+there+FIENDING+for+%23NFTs%3F+I+can%27t+stop+collecting...%0D%0A%0D%0A%23CryptoStykz+%23OpenSea+%23NFTCommunity+%23NFT+%23PlayToEarn&media_ids=1460783833209622531]
2021-11-16 20:36:21,888:INFO: post_status:	Posted new status. Tweet_ID: [1460783836187566081]
2021-11-16 20:36:21,888:INFO: post_status:		https://twitter.com/Trace34007811/status/1460783836187566081
2021-11-16 21:05:35,808:DEBUG: search:	Query: [#OpenSeaNFT], URL: [https://api.twitter.com/1.1/search/tweets.json?q=%23OpenSeaNFT&result_type=recent&count=10]
2021-11-16 21:05:37,668:DEBUG: retweet:	Tweet_ID: [1460778140440088582], URL: [https://api.twitter.com/1.1/statuses/retweet/1460778140440088582.json]
2021-11-16 21:05:37,790:DEBUG: init_media:	Image Path: [..\stick_images\1121010775779367353.png], Image Size: [179433], Media_ID: [1460791201607602178], URL: [https://upload.twitter.com/1.1/media/upload.json?command=INIT&total_bytes=179433&media_type=.png]
2021-11-16 21:05:37,923:DEBUG: append_media:	Image Path: [..\stick_images\1121010775779367353.png], Media_ID: [1460791201607602178], URL: [https://upload.twitter.com/1.1/media/upload.json?command=APPEND&media_id=1460791201607602178&segment_index=0]
2021-11-16 21:05:38,297:DEBUG: finalize_media:	Media_ID: [1460791201607602178], Response Media_ID: [1460791201607602178], URL: [https://upload.twitter.com/1.1/media/upload.json?command=FINALIZE&media_id=1460791201607602178]
2021-11-16 21:05:38,297:DEBUG: upload_media:	Finalized image upload. Image Path: [..\stick_images\1121010775779367353.png], Media_ID
2021-11-16 21:05:39,034:DEBUG: reply_to:	Media_ID: [1460791201607602178], Tweet_ID: [1460790996686487556], URL: [https://api.twitter.com/1.1/statuses/update.json?status=%40RAiM_Man%0ACheck+out+CryptoStykz+on+%23OpenSea.+An+army+of+unique+stickfigures+with+custom+weapons%2C+skins%2C+backgrounds%2C+and+more%21%0D%0A%0D%0Aopensea.io%2Fcollection%2Fcryptostykz%0D%0A%0D%0Ahttps%3A%2F%2Fdiscord.gg%2FsH7Ze9faTv%0D%0A%0D%0A%23cryptostykz+%23opensea+%23openseanft+%23polygonnft+%23nfts+%23nftart+%23nftdrop+%23nftcollectors+%23nftcollector&in_reply_to_status_id=1460790996686487556&media_ids=1460791201607602178]
2021-11-16 21:05:39,034:INFO: spam_search:	Posted new reply: User: [@RAiM_Man], Followers: [1,036], Tweet age: [0 days 00:00:47.814783]
2021-11-16 21:05:39,034:INFO: spam_search:		https://twitter.com/RAiM_Man/status/1460790996686487556
2021-11-16 21:06:22,779:DEBUG: init_media:	Image Path: [..\stick_images\870444241759757605.png], Image Size: [142907], Media_ID: [1460791390334504963], URL: [https://upload.twitter.com/1.1/media/upload.json?command=INIT&total_bytes=142907&media_type=.png]
2021-11-16 21:06:22,961:DEBUG: append_media:	Image Path: [..\stick_images\870444241759757605.png], Media_ID: [1460791390334504963], URL: [https://upload.twitter.com/1.1/media/upload.json?command=APPEND&media_id=1460791390334504963&segment_index=0]
2021-11-16 21:06:23,378:DEBUG: finalize_media:	Media_ID: [1460791390334504963], Response Media_ID: [1460791390334504963], URL: [https://upload.twitter.com/1.1/media/upload.json?command=FINALIZE&media_id=1460791390334504963]
2021-11-16 21:06:23,378:DEBUG: upload_media:	Finalized image upload. Image Path: [..\stick_images\870444241759757605.png], Media_ID
2021-11-16 21:06:23,897:DEBUG: post_status:	Media_ID: [1460791390334504963], Tweet_ID: [1460791393442725889], URL: [https://api.twitter.com/1.1/statuses/update.json?status=The+next+big+%23NFT+is+%23CryptoStykz%21%21%21+There%27s+a+Discord+server+that+lets+you+gamble+with+points+to+win+FREE+%23NFTs%21%0D%0A%0D%0AI%27ve+already+won+3+%23CryptoStykz%2C+come+play+me%21%0D%0Ahttps%3A%2F%2Fdiscord.gg%2FsH7Ze9faTv%0D%0A%0D%0A%23NFTCommunity+%23PlayToEarn+%23Crypto+%23Polygon&media_ids=1460791390334504963]
2021-11-16 21:06:23,897:INFO: post_status:	Posted new status. Tweet_ID: [1460791393442725889]
2021-11-16 21:06:23,897:INFO: post_status:		https://twitter.com/Trace34007811/status/1460791393442725889
2021-11-16 21:35:39,317:DEBUG: search:	Query: [drop your #nft], URL: [https://api.twitter.com/1.1/search/tweets.json?q=drop+your+%23nft&result_type=recent&count=10]
2021-11-16 21:35:41,093:DEBUG: retweet:	Tweet_ID: [1460518739955400707], URL: [https://api.twitter.com/1.1/statuses/retweet/1460518739955400707.json]
2021-11-16 21:35:41,307:DEBUG: search:	Query: [buy your #NFT], URL: [https://api.twitter.com/1.1/search/tweets.json?q=buy+your+%23NFT&result_type=recent&count=10]
2021-11-16 21:35:41,441:DEBUG: retweet:	Tweet_ID: [1460703566386061315], URL: [https://api.twitter.com/1.1/statuses/retweet/1460703566386061315.json]
2021-11-16 21:35:41,558:DEBUG: init_media:	Image Path: [..\stick_images\5210920742270341228.png], Image Size: [99826], Media_ID: [1460798767167324164], URL: [https://upload.twitter.com/1.1/media/upload.json?command=INIT&total_bytes=99826&media_type=.png]
2021-11-16 21:35:41,789:DEBUG: append_media:	Image Path: [..\stick_images\5210920742270341228.png], Media_ID: [1460798767167324164], URL: [https://upload.twitter.com/1.1/media/upload.json?command=APPEND&media_id=1460798767167324164&segment_index=0]
2021-11-16 21:35:42,269:DEBUG: finalize_media:	Media_ID: [1460798767167324164], Response Media_ID: [1460798767167324164], URL: [https://upload.twitter.com/1.1/media/upload.json?command=FINALIZE&media_id=1460798767167324164]
2021-11-16 21:35:42,269:DEBUG: upload_media:	Finalized image upload. Image Path: [..\stick_images\5210920742270341228.png], Media_ID
2021-11-16 21:35:42,554:DEBUG: reply_to:	Media_ID: [1460798767167324164], Tweet_ID: [1460797589259898881], URL: [https://api.twitter.com/1.1/statuses/update.json?status=%40Getinthegoal1%0ACheck+out+CryptoStykz+on+%23OpenSea.+An+army+of+unique+stickfigures+with+custom+weapons%2C+skins%2C+backgrounds%2C+and+more%21%0D%0A%0D%0Aopensea.io%2Fcollection%2Fcryptostykz%0D%0A%0D%0Ahttps%3A%2F%2Fdiscord.gg%2FsH7Ze9faTv%0D%0A%0D%0A%23cryptostykz+%23opensea+%23openseanft+%23polygonnft+%23nfts+%23nftart+%23nftdrop+%23nftcollectors+%23nftcollector&in_reply_to_status_id=1460797589259898881&media_ids=1460798767167324164]
2021-11-16 21:35:42,555:INFO: spam_search:	Posted new reply: User: [@Getinthegoal1], Followers: [484], Tweet age: [0 days 00:04:41.313632]
2021-11-16 21:35:42,555:INFO: spam_search:		https://twitter.com/Getinthegoal1/status/1460797589259898881
2021-11-16 21:36:24,101:DEBUG: init_media:	Image Path: [..\stick_images\-770956608975747181.png], Image Size: [110838], Media_ID: [1460798945630855169], URL: [https://upload.twitter.com/1.1/media/upload.json?command=INIT&total_bytes=110838&media_type=.png]
2021-11-16 21:36:24,312:DEBUG: append_media:	Image Path: [..\stick_images\-770956608975747181.png], Media_ID: [1460798945630855169], URL: [https://upload.twitter.com/1.1/media/upload.json?command=APPEND&media_id=1460798945630855169&segment_index=0]
2021-11-16 21:36:25,051:DEBUG: finalize_media:	Media_ID: [1460798945630855169], Response Media_ID: [1460798945630855169], URL: [https://upload.twitter.com/1.1/media/upload.json?command=FINALIZE&media_id=1460798945630855169]
2021-11-16 21:36:25,052:DEBUG: upload_media:	Finalized image upload. Image Path: [..\stick_images\-770956608975747181.png], Media_ID
2021-11-16 21:36:25,326:DEBUG: post_status:	Media_ID: [1460798945630855169], Tweet_ID: [1460798950001229831], URL: [https://api.twitter.com/1.1/statuses/update.json?status=I%27ve+called+big+winners+before%2C+so+listen+to+me+on+this+one.%0D%0A%0D%0A%23CRYPTOSTYKZ+IS+GOING+TO+BE+HUGE%0D%0A%0D%0AThere%27s+a+FREE+TO+PLAY+Discord+server+where+you+can+gamble+points+to+win+more+FREE+NFTs%21%0D%0A%0D%0A%23NFTWatch+%23NFTcollector+%23ToTheMoon+%23Crypto+%23Gainz&media_ids=1460798945630855169]
2021-11-16 21:36:25,326:INFO: post_status:	Posted new status. Tweet_ID: [1460798950001229831]
2021-11-16 21:36:25,327:INFO: post_status:		https://twitter.com/Trace34007811/status/1460798950001229831
2021-11-16 22:05:43,319:DEBUG: search:	Query: [#NFTCollector], URL: [https://api.twitter.com/1.1/search/tweets.json?q=%23NFTCollector&result_type=recent&count=10]
2021-11-16 22:05:43,549:DEBUG: retweet:	Tweet_ID: [1460780046700793857], URL: [https://api.twitter.com/1.1/statuses/retweet/1460780046700793857.json]
2021-11-16 22:05:43,709:DEBUG: search:	Query: [I want #NFT], URL: [https://api.twitter.com/1.1/search/tweets.json?q=I+want+%23NFT&result_type=recent&count=10]
2021-11-16 22:05:44,228:DEBUG: retweet:	Tweet_ID: [1460604652618014722], URL: [https://api.twitter.com/1.1/statuses/retweet/1460604652618014722.json]
2021-11-16 22:05:44,332:DEBUG: get_tweet:	Tweet_ID: [1460668991823745024], URL: [https://api.twitter.com/1.1/statuses/show.json?id=1460668991823745024]
2021-11-16 22:05:44,418:DEBUG: init_media:	Image Path: [..\stick_images\8255733147782672852.png], Image Size: [64800], Media_ID: [1460806328943792135], URL: [https://upload.twitter.com/1.1/media/upload.json?command=INIT&total_bytes=64800&media_type=.png]
2021-11-16 22:05:44,530:DEBUG: append_media:	Image Path: [..\stick_images\8255733147782672852.png], Media_ID: [1460806328943792135], URL: [https://upload.twitter.com/1.1/media/upload.json?command=APPEND&media_id=1460806328943792135&segment_index=0]
2021-11-16 22:05:44,953:DEBUG: finalize_media:	Media_ID: [1460806328943792135], Response Media_ID: [1460806328943792135], URL: [https://upload.twitter.com/1.1/media/upload.json?command=FINALIZE&media_id=1460806328943792135]
2021-11-16 22:05:44,953:DEBUG: upload_media:	Finalized image upload. Image Path: [..\stick_images\8255733147782672852.png], Media_ID
2021-11-16 22:05:45,208:DEBUG: reply_to:	Media_ID: [1460806328943792135], Tweet_ID: [1460668991823745024], URL: [https://api.twitter.com/1.1/statuses/update.json?status=%40Me7qNFT%0A%23CryptoStykz+%23NFT+army+has+over+1%2C000+unique+weapons%2Fskins%2C+adding+to+the+rarity+of+the+pool.%0D%0Aopensea.io%2Fcollection%2Fcryptostykz%0D%0A%0D%0AGrab+some+CryptoStykz+before+they%27re+sold+out%21%0D%0A%23cryptostykz+%23opensea+%23openseanft+%23polygonnft+%23nfts+%23nftart+%23nftdrop+%23nftcollectors+%23nftcollector&in_reply_to_status_id=1460668991823745024&media_ids=1460806328943792135]
2021-11-16 22:05:45,209:INFO: spam_search:	Posted new reply: User: [@Me7qNFT], Followers: [106], Tweet age: [9:05:44.332066]
2021-11-16 22:05:45,209:INFO: spam_search:		https://twitter.com/Me7qNFT/status/1460668991823745024
2021-11-16 22:06:25,646:DEBUG: init_media:	Image Path: [..\stick_images\5210920742270341228.png], Image Size: [99826], Media_ID: [1460806501828907009], URL: [https://upload.twitter.com/1.1/media/upload.json?command=INIT&total_bytes=99826&media_type=.png]
2021-11-16 22:06:25,816:DEBUG: append_media:	Image Path: [..\stick_images\5210920742270341228.png], Media_ID: [1460806501828907009], URL: [https://upload.twitter.com/1.1/media/upload.json?command=APPEND&media_id=1460806501828907009&segment_index=0]
2021-11-16 22:06:26,445:DEBUG: finalize_media:	Media_ID: [1460806501828907009], Response Media_ID: [1460806501828907009], URL: [https://upload.twitter.com/1.1/media/upload.json?command=FINALIZE&media_id=1460806501828907009]
2021-11-16 22:06:26,445:DEBUG: upload_media:	Finalized image upload. Image Path: [..\stick_images\5210920742270341228.png], Media_ID
2021-11-16 22:06:26,677:WARNING: post_status:	Media_ID: [1460806501828907009], URL: [https://api.twitter.com/1.1/statuses/update.json?status=What%27s+your+favorite+%23NFT%3F+Mine+is+%23CryptoStykz+and+no+other+NFT+even+comes+close%0D%0A%0D%0A%23CryptoStykz+has+THOUSANDS+of+unique+stick+figures+with+individual+properties.+Plus+you+can+bet+on+fights+in+a+Discord+arena.%0D%0AJoin+and+play+me%21%0D%0A%0D%0A%23NFTs+%23OpenSea+%23Polygon+%23NFTCommunity+%23NFTCollector+%23Crypto+%23PlayToEarn+%23P2E&media_ids=1460806501828907009],  JSON:
{'errors': [{'code': 186, 'message': 'Tweet needs to be a bit shorter.'}]}
2021-11-16 22:06:26,677:WARNING: post_status:	Failed to post new status.
2021-11-16 22:35:45,730:DEBUG: search:	Query: [I want your nft], URL: [https://api.twitter.com/1.1/search/tweets.json?q=I+want+your+nft&result_type=recent&count=10]
2021-11-16 22:35:45,924:DEBUG: retweet:	Tweet_ID: [1460755451004567556], URL: [https://api.twitter.com/1.1/statuses/retweet/1460755451004567556.json]
2021-11-16 22:35:46,808:DEBUG: search:	Query: [#OpenSeaNFT], URL: [https://api.twitter.com/1.1/search/tweets.json?q=%23OpenSeaNFT&result_type=recent&count=10]
2021-11-16 22:35:46,946:DEBUG: retweet:	Tweet_ID: [1459537412338630664], URL: [https://api.twitter.com/1.1/statuses/retweet/1459537412338630664.json]
2021-11-16 22:35:47,064:DEBUG: init_media:	Image Path: [..\stick_images\5786795623126810560.png], Image Size: [131989], Media_ID: [1460813889663287302], URL: [https://upload.twitter.com/1.1/media/upload.json?command=INIT&total_bytes=131989&media_type=.png]
2021-11-16 22:35:47,214:DEBUG: append_media:	Image Path: [..\stick_images\5786795623126810560.png], Media_ID: [1460813889663287302], URL: [https://upload.twitter.com/1.1/media/upload.json?command=APPEND&media_id=1460813889663287302&segment_index=0]
2021-11-16 22:35:47,583:DEBUG: finalize_media:	Media_ID: [1460813889663287302], Response Media_ID: [1460813889663287302], URL: [https://upload.twitter.com/1.1/media/upload.json?command=FINALIZE&media_id=1460813889663287302]
2021-11-16 22:35:47,584:DEBUG: upload_media:	Finalized image upload. Image Path: [..\stick_images\5786795623126810560.png], Media_ID
2021-11-16 22:35:47,836:DEBUG: reply_to:	Media_ID: [1460813889663287302], Tweet_ID: [1460813623731830790], URL: [https://api.twitter.com/1.1/statuses/update.json?status=%40EyadMuhtaseb%0ACrytpoStykz+is+THE+hidden+gem+of+all+NFTs.+My+stickfigure+warrior+NFTs+come+from+world+famous+pivot%2Fflash+animation+forums+from+the+mid+2000s.+There+is+a+play+to+earn+fighting+game+as+well%3A++https%3A%2F%2Fdiscord.gg%2FsH7Ze9faTv&in_reply_to_status_id=1460813623731830790&media_ids=1460813889663287302]
2021-11-16 22:35:47,837:INFO: spam_search:	Posted new reply: User: [@EyadMuhtaseb], Followers: [10], Tweet age: [0 days 00:01:03.833719]
2021-11-16 22:35:47,837:INFO: spam_search:		https://twitter.com/EyadMuhtaseb/status/1460813623731830790
2021-11-16 22:36:26,997:DEBUG: init_media:	Image Path: [..\stick_images\4470876735728142601.png], Image Size: [153070], Media_ID: [1460814057062162435], URL: [https://upload.twitter.com/1.1/media/upload.json?command=INIT&total_bytes=153070&media_type=.png]
2021-11-16 22:36:27,386:DEBUG: append_media:	Image Path: [..\stick_images\4470876735728142601.png], Media_ID: [1460814057062162435], URL: [https://upload.twitter.com/1.1/media/upload.json?command=APPEND&media_id=1460814057062162435&segment_index=0]
2021-11-16 22:36:27,760:DEBUG: finalize_media:	Media_ID: [1460814057062162435], Response Media_ID: [1460814057062162435], URL: [https://upload.twitter.com/1.1/media/upload.json?command=FINALIZE&media_id=1460814057062162435]
2021-11-16 22:36:27,760:DEBUG: upload_media:	Finalized image upload. Image Path: [..\stick_images\4470876735728142601.png], Media_ID
2021-11-16 22:36:28,080:DEBUG: post_status:	Media_ID: [1460814057062162435], Tweet_ID: [1460814060916781059], URL: [https://api.twitter.com/1.1/statuses/update.json?status=%23CryptoStykz+is+going+to+10x+in+the+next+week.+Screenshot+this+tweet.%0D%0A%0D%0Aopensea.io%2Fcollection%2Fcryptostykz%0D%0A%0D%0A%23NFT+%23OpenSea+%23NFTCommunity+%23MoonAlert+%23Crypto+%23Gainz&media_ids=1460814057062162435]
2021-11-16 22:36:28,080:INFO: post_status:	Posted new status. Tweet_ID: [1460814060916781059]
2021-11-16 22:36:28,080:INFO: post_status:		https://twitter.com/Trace34007811/status/1460814060916781059
2021-11-16 23:05:48,941:DEBUG: search:	Query: [drop your #nft], URL: [https://api.twitter.com/1.1/search/tweets.json?q=drop+your+%23nft&result_type=recent&count=10]
2021-11-16 23:05:49,090:DEBUG: retweet:	Tweet_ID: [1460518739955400707], URL: [https://api.twitter.com/1.1/statuses/retweet/1460518739955400707.json]
2021-11-16 23:05:49,280:DEBUG: search:	Query: [buy your #NFT], URL: [https://api.twitter.com/1.1/search/tweets.json?q=buy+your+%23NFT&result_type=recent&count=10]
2021-11-16 23:05:49,500:DEBUG: retweet:	Tweet_ID: [1460778216289935363], URL: [https://api.twitter.com/1.1/statuses/retweet/1460778216289935363.json]
2021-11-16 23:05:49,619:DEBUG: init_media:	Image Path: [..\stick_images\-7574046880143220745.png], Image Size: [121051], Media_ID: [1460821450223456259], URL: [https://upload.twitter.com/1.1/media/upload.json?command=INIT&total_bytes=121051&media_type=.png]
2021-11-16 23:05:49,739:DEBUG: append_media:	Image Path: [..\stick_images\-7574046880143220745.png], Media_ID: [1460821450223456259], URL: [https://upload.twitter.com/1.1/media/upload.json?command=APPEND&media_id=1460821450223456259&segment_index=0]
2021-11-16 23:05:50,472:DEBUG: finalize_media:	Media_ID: [1460821450223456259], Response Media_ID: [1460821450223456259], URL: [https://upload.twitter.com/1.1/media/upload.json?command=FINALIZE&media_id=1460821450223456259]
2021-11-16 23:05:50,472:DEBUG: upload_media:	Finalized image upload. Image Path: [..\stick_images\-7574046880143220745.png], Media_ID
2021-11-16 23:05:50,743:DEBUG: reply_to:	Media_ID: [1460821450223456259], Tweet_ID: [1460820675816353803], URL: [https://api.twitter.com/1.1/statuses/update.json?status=%40NFTTOPIO%0A%23CryptoStykz+BATTLE%2FBETTING+DISCORD+SERVER+https%3A%2F%2Fdiscord.gg%2F24Bv2RFAmR+%23NFT+%23NFTs+%23NFTThailand+%23NFTGiveaway+%23nftart+%23nftdrop&in_reply_to_status_id=1460820675816353803&media_ids=1460821450223456259]
2021-11-16 23:05:50,743:INFO: spam_search:	Posted new reply: User: [@NFTTOPIO], Followers: [1,575], Tweet age: [0 days 00:03:05.280917]
2021-11-16 23:05:50,744:INFO: spam_search:		https://twitter.com/NFTTOPIO/status/1460820675816353803
2021-11-16 23:06:28,330:DEBUG: init_media:	Image Path: [..\stick_images\7774253067391043286.png], Image Size: [300965], Media_ID: [1460821612576583681], URL: [https://upload.twitter.com/1.1/media/upload.json?command=INIT&total_bytes=300965&media_type=.png]
2021-11-16 23:06:28,554:DEBUG: append_media:	Image Path: [..\stick_images\7774253067391043286.png], Media_ID: [1460821612576583681], URL: [https://upload.twitter.com/1.1/media/upload.json?command=APPEND&media_id=1460821612576583681&segment_index=0]
2021-11-16 23:06:28,919:DEBUG: finalize_media:	Media_ID: [1460821612576583681], Response Media_ID: [1460821612576583681], URL: [https://upload.twitter.com/1.1/media/upload.json?command=FINALIZE&media_id=1460821612576583681]
2021-11-16 23:06:28,919:DEBUG: upload_media:	Finalized image upload. Image Path: [..\stick_images\7774253067391043286.png], Media_ID
2021-11-16 23:06:29,084:WARNING: post_status:	Media_ID: [1460821612576583681], URL: [https://api.twitter.com/1.1/statuses/update.json?status=What+%23NFT+has+completely+random+and+unique+weapons%2C+stick+figures%2C+backgrounds%2C+and+more%3F%0D%0A%23CryptoStykz+does%2C+and+you+can+even+gamble+on+fights+in+a+Discord+server+to+win+%23FreeNFTs%21%21%0D%0A%0D%0AThere+are+no+other+FREE+play+to+earn+%23NFTs+out+there%2C+not+like+%23CryptoStykz%21%0D%0A%0D%0Ahttps%3A%2F%2Fdiscord.gg%2FsH7Ze9faTv%0D%0A%0D%0AAvailable+on+OpenSea%21%0D%0Aopensea.io%2Fcollection%2Fcryptostykz%0D%0A%0D%0A%23NFTs+%23OpenSea+%23Polygon+%23NFTCommunity+%23NFTCollector+%23Crypto+%23PlayToEarn&media_ids=1460821612576583681],  JSON:
{'errors': [{'code': 186, 'message': 'Tweet needs to be a bit shorter.'}]}
2021-11-16 23:06:29,085:WARNING: post_status:	Failed to post new status.
2021-11-16 23:35:51,390:DEBUG: search:	Query: [#NFTCollector], URL: [https://api.twitter.com/1.1/search/tweets.json?q=%23NFTCollector&result_type=recent&count=10]
2021-11-16 23:35:51,931:DEBUG: retweet:	Tweet_ID: [1460780046700793857], URL: [https://api.twitter.com/1.1/statuses/retweet/1460780046700793857.json]
2021-11-16 23:35:53,063:DEBUG: init_media:	Image Path: [..\stick_images\9061032421937312256.png], Image Size: [94758], Media_ID: [1460829014361264135], URL: [https://upload.twitter.com/1.1/media/upload.json?command=INIT&total_bytes=94758&media_type=.png]
2021-11-16 23:35:53,233:DEBUG: append_media:	Image Path: [..\stick_images\9061032421937312256.png], Media_ID: [1460829014361264135], URL: [https://upload.twitter.com/1.1/media/upload.json?command=APPEND&media_id=1460829014361264135&segment_index=0]
2021-11-16 23:35:53,869:DEBUG: finalize_media:	Media_ID: [1460829014361264135], Response Media_ID: [1460829014361264135], URL: [https://upload.twitter.com/1.1/media/upload.json?command=FINALIZE&media_id=1460829014361264135]
2021-11-16 23:35:53,870:DEBUG: upload_media:	Finalized image upload. Image Path: [..\stick_images\9061032421937312256.png], Media_ID
2021-11-16 23:35:54,135:DEBUG: reply_to:	Media_ID: [1460829014361264135], Tweet_ID: [1460829003858722822], URL: [https://api.twitter.com/1.1/statuses/update.json?status=%40LuthyJeff%0AJoin+the+P2E+rarity-based+fighting+game%3A+https%3A%2F%2Fdiscord.gg%2FWtUfKgSVxz&in_reply_to_status_id=1460829003858722822&media_ids=1460829014361264135]
2021-11-16 23:35:54,135:INFO: spam_search:	Posted new reply: User: [@LuthyJeff], Followers: [384], Tweet age: [0 days 00:00:01.390945]
2021-11-16 23:35:54,135:INFO: spam_search:		https://twitter.com/LuthyJeff/status/1460829003858722822
2021-11-16 23:36:29,333:DEBUG: init_media:	Image Path: [..\stick_images\-9086610112565834462.png], Image Size: [88748], Media_ID: [1460829166555779073], URL: [https://upload.twitter.com/1.1/media/upload.json?command=INIT&total_bytes=88748&media_type=.png]
2021-11-16 23:36:29,463:DEBUG: append_media:	Image Path: [..\stick_images\-9086610112565834462.png], Media_ID: [1460829166555779073], URL: [https://upload.twitter.com/1.1/media/upload.json?command=APPEND&media_id=1460829166555779073&segment_index=0]
2021-11-16 23:36:29,864:DEBUG: finalize_media:	Media_ID: [1460829166555779073], Response Media_ID: [1460829166555779073], URL: [https://upload.twitter.com/1.1/media/upload.json?command=FINALIZE&media_id=1460829166555779073]
2021-11-16 23:36:29,864:DEBUG: upload_media:	Finalized image upload. Image Path: [..\stick_images\-9086610112565834462.png], Media_ID
2021-11-16 23:36:30,170:DEBUG: post_status:	Media_ID: [1460829166555779073], Tweet_ID: [1460829169353383942], URL: [https://api.twitter.com/1.1/statuses/update.json?status=If+you+dare+think+there%27s+a+better+%23NFT+than+%23CryptoStykz%2C+I+want+you+to+prove+it%0D%0A%23DropYourNFT+%23OpenSea+%23NFTCommunity+%23Cryptocurrency+%23NFTAddict&media_ids=1460829166555779073]
2021-11-16 23:36:30,170:INFO: post_status:	Posted new status. Tweet_ID: [1460829169353383942]
2021-11-16 23:36:30,170:INFO: post_status:		https://twitter.com/Trace34007811/status/1460829169353383942
